This is pdfTeX, Version 3.14159265-2.6-1.40.15 (TeX Live 2014) (preloaded format=pdflatex 2015.3.24)  27 MAR 2015 23:23
entering extended mode
 restricted \write18 enabled.
 %&-line parsing enabled.
**main.tex
(./main.tex
LaTeX2e <2014/05/01>
Babel <3.9l> and hyphenation patterns for 3 languages loaded.
(/usr/share/texmf-dist/tex/latex/base/book.cls
Document Class: book 2007/10/19 v1.4h Standard LaTeX document class
(/usr/share/texmf-dist/tex/latex/base/bk11.clo
File: bk11.clo 2007/10/19 v1.4h Standard LaTeX file (size option)
)
\c@part=\count79
\c@chapter=\count80
\c@section=\count81
\c@subsection=\count82
\c@subsubsection=\count83
\c@paragraph=\count84
\c@subparagraph=\count85
\c@figure=\count86
\c@table=\count87
\abovecaptionskip=\skip41
\belowcaptionskip=\skip42
\bibindent=\dimen102
)
(/usr/share/texmf-dist/tex/latex/appendix/appendix.sty
Package: appendix 2009/09/02 v1.2b extra appendix facilities
\c@@pps=\count88
\c@@ppsavesec=\count89
\c@@ppsaveapp=\count90
)
(/usr/share/texmf-dist/tex/latex/base/fontenc.sty
Package: fontenc 2005/09/27 v1.99g Standard LaTeX package

(/usr/share/texmf-dist/tex/latex/base/t1enc.def
File: t1enc.def 2005/09/27 v1.99g Standard LaTeX file
LaTeX Font Info:    Redeclaring font encoding T1 on input line 43.
))
(/usr/share/texmf-dist/tex/latex/base/inputenc.sty
Package: inputenc 2014/04/30 v1.2b Input encoding file
\inpenc@prehook=\toks14
\inpenc@posthook=\toks15

(/usr/share/texmf-dist/tex/latex/base/latin1.def
File: latin1.def 2014/04/30 v1.2b Input encoding file
))
(/usr/share/texmf-dist/tex/generic/babel/babel.sty
Package: babel 2014/09/25 3.9l The Babel package

(/usr/share/texmf-dist/tex/generic/babel-italian/italian.ldf
Language: italian 2014/03/29 v1.3k Italian support from the babel system

(/usr/share/texmf-dist/tex/generic/babel/babel.def
File: babel.def 2014/09/25 3.9l Babel common definitions
\babel@savecnt=\count91
\U@D=\dimen103
)
\it@lettering=\count92
\it@doublequoteactive=\count93
\it@ISOcompliance=\count94
\Virgola=\count95
))
(/usr/share/texmf-dist/tex/latex/etoolbox/etoolbox.sty
Package: etoolbox 2011/01/03 v2.1 e-TeX tools for LaTeX

(/usr/share/texmf-dist/tex/latex/etex-pkg/etex.sty
Package: etex 1998/03/26 v2.0 eTeX basic definition package (PEB)
\et@xins=\count96
)
\etb@tempcnta=\count97
)
(/usr/share/texmf-dist/tex/latex/amsmath/amsmath.sty
Package: amsmath 2013/01/14 v2.14 AMS math features
\@mathmargin=\skip43

For additional information on amsmath, use the `?' option.
(/usr/share/texmf-dist/tex/latex/amsmath/amstext.sty
Package: amstext 2000/06/29 v2.01

(/usr/share/texmf-dist/tex/latex/amsmath/amsgen.sty
File: amsgen.sty 1999/11/30 v2.0
\@emptytoks=\toks16
\ex@=\dimen104
))
(/usr/share/texmf-dist/tex/latex/amsmath/amsbsy.sty
Package: amsbsy 1999/11/29 v1.2d
\pmbraise@=\dimen105
)
(/usr/share/texmf-dist/tex/latex/amsmath/amsopn.sty
Package: amsopn 1999/12/14 v2.01 operator names
)
\inf@bad=\count98
LaTeX Info: Redefining \frac on input line 210.
\uproot@=\count99
\leftroot@=\count100
LaTeX Info: Redefining \overline on input line 306.
\classnum@=\count101
\DOTSCASE@=\count102
LaTeX Info: Redefining \ldots on input line 378.
LaTeX Info: Redefining \dots on input line 381.
LaTeX Info: Redefining \cdots on input line 466.
\Mathstrutbox@=\box26
\strutbox@=\box27
\big@size=\dimen106
LaTeX Font Info:    Redeclaring font encoding OML on input line 566.
LaTeX Font Info:    Redeclaring font encoding OMS on input line 567.
\macc@depth=\count103
\c@MaxMatrixCols=\count104
\dotsspace@=\muskip10
\c@parentequation=\count105
\dspbrk@lvl=\count106
\tag@help=\toks17
\row@=\count107
\column@=\count108
\maxfields@=\count109
\andhelp@=\toks18
\eqnshift@=\dimen107
\alignsep@=\dimen108
\tagshift@=\dimen109
\tagwidth@=\dimen110
\totwidth@=\dimen111
\lineht@=\dimen112
\@envbody=\toks19
\multlinegap=\skip44
\multlinetaggap=\skip45
\mathdisplay@stack=\toks20
LaTeX Info: Redefining \[ on input line 2665.
LaTeX Info: Redefining \] on input line 2666.
)
(/usr/share/texmf-dist/tex/latex/amsfonts/amsfonts.sty
Package: amsfonts 2013/01/14 v3.01 Basic AMSFonts support
\symAMSa=\mathgroup4
\symAMSb=\mathgroup5
LaTeX Font Info:    Overwriting math alphabet `\mathfrak' in version `bold'
(Font)                  U/euf/m/n --> U/euf/b/n on input line 106.
)
(/usr/share/texmf-dist/tex/latex/layaureo/layaureo.sty
Package: layaureo 2004/09/16 v0.2

(/usr/share/texmf-dist/tex/latex/geometry/geometry.sty
Package: geometry 2010/09/12 v5.6 Page Geometry

(/usr/share/texmf-dist/tex/latex/graphics/keyval.sty
Package: keyval 2014/05/08 v1.15 key=value parser (DPC)
\KV@toks@=\toks21
)
(/usr/share/texmf-dist/tex/generic/oberdiek/ifpdf.sty
Package: ifpdf 2011/01/30 v2.3 Provides the ifpdf switch (HO)
Package ifpdf Info: pdfTeX in PDF mode is detected.
)
(/usr/share/texmf-dist/tex/generic/oberdiek/ifvtex.sty
Package: ifvtex 2010/03/01 v1.5 Detect VTeX and its facilities (HO)
Package ifvtex Info: VTeX not detected.
)
(/usr/share/texmf-dist/tex/generic/ifxetex/ifxetex.sty
Package: ifxetex 2010/09/12 v0.6 Provides ifxetex conditional
)
\Gm@cnth=\count110
\Gm@cntv=\count111
\c@Gm@tempcnt=\count112
\Gm@bindingoffset=\dimen113
\Gm@wd@mp=\dimen114
\Gm@odd@mp=\dimen115
\Gm@even@mp=\dimen116
\Gm@layoutwidth=\dimen117
\Gm@layoutheight=\dimen118
\Gm@layouthoffset=\dimen119
\Gm@layoutvoffset=\dimen120
\Gm@dimlist=\toks22
)
(/usr/share/texmf-dist/tex/latex/tools/calc.sty
Package: calc 2007/08/22 v4.3 Infix arithmetic (KKT,FJ)
\calc@Acount=\count113
\calc@Bcount=\count114
\calc@Adimen=\dimen121
\calc@Bdimen=\dimen122
\calc@Askip=\skip46
\calc@Bskip=\skip47
LaTeX Info: Redefining \setlength on input line 75.
LaTeX Info: Redefining \addtolength on input line 76.
\calc@Ccount=\count115
\calc@Cskip=\skip48
)
\LA@MargineRilegatura=\skip49
\LA@LarghezzaTesto=\skip50
\LA@AltezzaTesto=\skip51
\LA@MargineSinistro=\skip52
\LA@MargineSuperiore=\skip53
)
(/usr/share/texmf-dist/tex/latex/tools/indentfirst.sty
Package: indentfirst 1995/11/23 v1.03 Indent first paragraph (DPC)
) (./main.aux)
\openout1 = `main.aux'.

LaTeX Font Info:    Checking defaults for OML/cmm/m/it on input line 11.
LaTeX Font Info:    ... okay on input line 11.
LaTeX Font Info:    Checking defaults for T1/cmr/m/n on input line 11.
LaTeX Font Info:    ... okay on input line 11.
LaTeX Font Info:    Checking defaults for OT1/cmr/m/n on input line 11.
LaTeX Font Info:    ... okay on input line 11.
LaTeX Font Info:    Checking defaults for OMS/cmsy/m/n on input line 11.
LaTeX Font Info:    ... okay on input line 11.
LaTeX Font Info:    Checking defaults for OMX/cmex/m/n on input line 11.
LaTeX Font Info:    ... okay on input line 11.
LaTeX Font Info:    Checking defaults for U/cmr/m/n on input line 11.
LaTeX Font Info:    ... okay on input line 11.
LaTeX Info: Redefining \it@ocap on input line 11.
LaTeX Info: Redefining \it@ccap on input line 11.

*geometry* driver: auto-detecting
*geometry* detected driver: pdftex
*geometry* verbose mode - [ preamble ] result:
* driver: pdftex
* paper: a4paper
* layout: <same size as paper>
* layoutoffset:(h,v)=(0.0pt,0.0pt)
* modes: twoside 
* h-part:(L,W,R)=(63.21957pt, 432.0pt, 102.2883pt)
* v-part:(T,H,B)=(60.49995pt, 698.98755pt, 85.55934pt)
* \paperwidth=597.50787pt
* \paperheight=845.04684pt
* \textwidth=432.0pt
* \textheight=698.98755pt
* \oddsidemargin=-9.05042pt
* \evensidemargin=30.01831pt
* \topmargin=-43.64383pt
* \headheight=12.0pt
* \headsep=19.8738pt
* \topskip=11.0pt
* \footskip=27.46295pt
* \marginparwidth=106.0pt
* \marginparsep=7.0pt
* \columnsep=10.0pt
* \skip\footins=10.0pt plus 4.0pt minus 2.0pt
* \hoffset=0.0pt
* \voffset=0.0pt
* \mag=1000
* \@twocolumnfalse
* \@twosidetrue
* \@mparswitchtrue
* \@reversemarginfalse
* (1in=72.27pt=25.4mm, 1cm=28.453pt)

Capitolo 1.

Underfull \hbox (badness 10000) in paragraph at lines 16--17

 []

LaTeX Font Info:    Try loading font information for U+msa on input line 22.
(/usr/share/texmf-dist/tex/latex/amsfonts/umsa.fd
File: umsa.fd 2013/01/14 v3.01 AMS symbols A
)
LaTeX Font Info:    Try loading font information for U+msb on input line 22.

(/usr/share/texmf-dist/tex/latex/amsfonts/umsb.fd
File: umsb.fd 2013/01/14 v3.01 AMS symbols B
) [1


{/var/lib/texmf/fonts/map/pdftex/updmap/pdftex.map

pdfTeX warning: pdflatex (file /var/lib/texmf/fonts/map/pdftex/updmap/pdftex.ma
p): fontmap entry for `pagd8g' already exists, duplicates ignored


pdfTeX warning: pdflatex (file /var/lib/texmf/fonts/map/pdftex/updmap/pdftex.ma
p): fontmap entry for `pagdo8g' already exists, duplicates ignored


pdfTeX warning: pdflatex (file /var/lib/texmf/fonts/map/pdftex/updmap/pdftex.ma
p): fontmap entry for `pagk8g' already exists, duplicates ignored


pdfTeX warning: pdflatex (file /var/lib/texmf/fonts/map/pdftex/updmap/pdftex.ma
p): fontmap entry for `pagko8g' already exists, duplicates ignored


pdfTeX warning: pdflatex (file /var/lib/texmf/fonts/map/pdftex/updmap/pdftex.ma
p): fontmap entry for `pbkd8g' already exists, duplicates ignored


pdfTeX warning: pdflatex (file /var/lib/texmf/fonts/map/pdftex/updmap/pdftex.ma
p): fontmap entry for `pbkdi8g' already exists, duplicates ignored


pdfTeX warning: pdflatex (file /var/lib/texmf/fonts/map/pdftex/updmap/pdftex.ma
p): fontmap entry for `pbkl8g' already exists, duplicates ignored


pdfTeX warning: pdflatex (file /var/lib/texmf/fonts/map/pdftex/updmap/pdftex.ma
p): fontmap entry for `pbkli8g' already exists, duplicates ignored


pdfTeX warning: pdflatex (file /var/lib/texmf/fonts/map/pdftex/updmap/pdftex.ma
p): fontmap entry for `pcrb8g' already exists, duplicates ignored


pdfTeX warning: pdflatex (file /var/lib/texmf/fonts/map/pdftex/updmap/pdftex.ma
p): fontmap entry for `pcrbo8g' already exists, duplicates ignored


pdfTeX warning: pdflatex (file /var/lib/texmf/fonts/map/pdftex/updmap/pdftex.ma
p): fontmap entry for `pcrr8g' already exists, duplicates ignored


pdfTeX warning: pdflatex (file /var/lib/texmf/fonts/map/pdftex/updmap/pdftex.ma
p): fontmap entry for `pcrro8g' already exists, duplicates ignored


pdfTeX warning: pdflatex (file /var/lib/texmf/fonts/map/pdftex/updmap/pdftex.ma
p): fontmap entry for `phvb8g' already exists, duplicates ignored


pdfTeX warning: pdflatex (file /var/lib/texmf/fonts/map/pdftex/updmap/pdftex.ma
p): fontmap entry for `phvbo8g' already exists, duplicates ignored


pdfTeX warning: pdflatex (file /var/lib/texmf/fonts/map/pdftex/updmap/pdftex.ma
p): fontmap entry for `phvr8g' already exists, duplicates ignored


pdfTeX warning: pdflatex (file /var/lib/texmf/fonts/map/pdftex/updmap/pdftex.ma
p): fontmap entry for `phvro8g' already exists, duplicates ignored


pdfTeX warning: pdflatex (file /var/lib/texmf/fonts/map/pdftex/updmap/pdftex.ma
p): fontmap entry for `pncb8g' already exists, duplicates ignored


pdfTeX warning: pdflatex (file /var/lib/texmf/fonts/map/pdftex/updmap/pdftex.ma
p): fontmap entry for `pncbi8g' already exists, duplicates ignored


pdfTeX warning: pdflatex (file /var/lib/texmf/fonts/map/pdftex/updmap/pdftex.ma
p): fontmap entry for `pncr8g' already exists, duplicates ignored


pdfTeX warning: pdflatex (file /var/lib/texmf/fonts/map/pdftex/updmap/pdftex.ma
p): fontmap entry for `pncri8g' already exists, duplicates ignored


pdfTeX warning: pdflatex (file /var/lib/texmf/fonts/map/pdftex/updmap/pdftex.ma
p): fontmap entry for `pplb8g' already exists, duplicates ignored


pdfTeX warning: pdflatex (file /var/lib/texmf/fonts/map/pdftex/updmap/pdftex.ma
p): fontmap entry for `pplbi8g' already exists, duplicates ignored


pdfTeX warning: pdflatex (file /var/lib/texmf/fonts/map/pdftex/updmap/pdftex.ma
p): fontmap entry for `pplr8g' already exists, duplicates ignored


pdfTeX warning: pdflatex (file /var/lib/texmf/fonts/map/pdftex/updmap/pdftex.ma
p): fontmap entry for `pplri8g' already exists, duplicates ignored


pdfTeX warning: pdflatex (file /var/lib/texmf/fonts/map/pdftex/updmap/pdftex.ma
p): fontmap entry for `psyrgo' already exists, duplicates ignored


pdfTeX warning: pdflatex (file /var/lib/texmf/fonts/map/pdftex/updmap/pdftex.ma
p): fontmap entry for `ptmb8g' already exists, duplicates ignored


pdfTeX warning: pdflatex (file /var/lib/texmf/fonts/map/pdftex/updmap/pdftex.ma
p): fontmap entry for `ptmbi8g' already exists, duplicates ignored


pdfTeX warning: pdflatex (file /var/lib/texmf/fonts/map/pdftex/updmap/pdftex.ma
p): fontmap entry for `ptmr8g' already exists, duplicates ignored


pdfTeX warning: pdflatex (file /var/lib/texmf/fonts/map/pdftex/updmap/pdftex.ma
p): fontmap entry for `ptmri8g' already exists, duplicates ignored


pdfTeX warning: pdflatex (file /var/lib/texmf/fonts/map/pdftex/updmap/pdftex.ma
p): fontmap entry for `pzcmi8g' already exists, duplicates ignored
}] [2]
Capitolo 2.
LaTeX Font Info:    Try loading font information for OMS+cmr on input line 96.
(/usr/share/texmf-dist/tex/latex/base/omscmr.fd
File: omscmr.fd 1999/05/25 v2.5h Standard LaTeX font definitions
)
LaTeX Font Info:    Font shape `OMS/cmr/m/n' in size <10.95> not available
(Font)              Font shape `OMS/cmsy/m/n' tried instead on input line 96.
 [3

] [4] [5] [6] [7] [8

]
[9

] [10]
Appendice A.
[11

] (./main.aux) ) 
Here is how much of TeX's memory you used:
 2781 strings out of 495013
 34055 string characters out of 6181562
 109642 words of memory out of 5000000
 5964 multiletter control sequences out of 15000+600000
 19064 words of font info for 46 fonts, out of 8000000 for 9000
 14 hyphenation exceptions out of 8191
 30i,10n,24p,789b,250s stack positions out of 5000i,500n,10000p,200000b,80000s
{/usr/share/texmf-dist/fonts/enc/dvips/cm-super/cm-super-t1.enc
}</usr/share/texmf-dist/fonts/type1/public/amsfonts/cm/cmex10.pfb></usr/share/t
exmf-dist/fonts/type1/public/amsfonts/cm/cmmi10.pfb></usr/share/texmf-dist/font
s/type1/public/amsfonts/cm/cmmi6.pfb></usr/share/texmf-dist/fonts/type1/public/
amsfonts/cm/cmmi8.pfb></usr/share/texmf-dist/fonts/type1/public/amsfonts/cm/cmr
10.pfb></usr/share/texmf-dist/fonts/type1/public/amsfonts/cm/cmr6.pfb></usr/sha
re/texmf-dist/fonts/type1/public/amsfonts/cm/cmr8.pfb></usr/share/texmf-dist/fo
nts/type1/public/amsfonts/cm/cmsy10.pfb></usr/share/texmf-dist/fonts/type1/publ
ic/amsfonts/cm/cmsy8.pfb></usr/share/texmf-dist/fonts/type1/public/cm-super/sfb
x1095.pfb></usr/share/texmf-dist/fonts/type1/public/cm-super/sfbx1200.pfb></usr
/share/texmf-dist/fonts/type1/public/cm-super/sfbx1440.pfb></usr/share/texmf-di
st/fonts/type1/public/cm-super/sfbx2074.pfb></usr/share/texmf-dist/fonts/type1/
public/cm-super/sfbx2488.pfb></usr/share/texmf-dist/fonts/type1/public/cm-super
/sfrm1095.pfb></usr/share/texmf-dist/fonts/type1/public/cm-super/sfsl1095.pfb><
/usr/share/texmf-dist/fonts/type1/public/cm-super/sfti1095.pfb>
Output written on main.pdf (11 pages, 240599 bytes).
PDF statistics:
 109 PDF objects out of 1000 (max. 8388607)
 78 compressed objects within 1 object stream
 0 named destinations out of 1000 (max. 500000)
 1 words of extra memory for PDF output out of 10000 (max. 10000000)

